# JRE version: OpenJDK Runtime Environment Corretto-17.0.13.11.1 (17.0.13+11) (build 17.0.13+11-LTS)
# Java VM: OpenJDK 64-Bit Server VM Corretto-17.0.13.11.1 (17.0.13+11-LTS, mixed mode, emulated-client, sharing, tiered, compressed oops, compressed class ptrs, g1 gc, windows-amd64)
GC Precious Log:
 CPUs: 4 total, 4 available
 Memory: 8072M
 Large Page Support: Disabled
 NUMA Support: Disabled
 Compressed Oops: Enabled (32-bit)
 Heap Region Size: 1M
 Heap Min Capacity: 8M
 Heap Initial Capacity: 128M
 Heap Max Capacity: 2020M
 Pre-touch: Disabled
 Parallel Workers: 4
 Concurrent Workers: 1
 Concurrent Refinement Workers: 4
 Periodic GC: Disabled
Heap:
 garbage-first heap   total 78848K, used 44085K [0x0000000081c00000, 0x0000000100000000)
  region size 1024K, 7 young (7168K), 3 survivors (3072K)
 Metaspace       used 64129K, committed 64704K, reserved 1114112K
  class space    used 9126K, committed 9408K, reserved 1048576K
GC Heap History (20 events):
Event: 9.043 GC heap before
{Heap before GC invocations=10 (full 0):
 garbage-first heap   total 78848K, used 43247K [0x0000000081c00000, 0x0000000100000000)
  region size 1024K, 18 young (18432K), 3 survivors (3072K)
 Metaspace       used 35506K, committed 35968K, reserved 1114112K
  class space    used 5001K, committed 5248K, reserved 1048576K
}
Event: 9.048 GC heap after
{Heap after GC invocations=11 (full 0):
 garbage-first heap   total 78848K, used 29598K [0x0000000081c00000, 0x0000000100000000)
  region size 1024K, 4 young (4096K), 4 survivors (4096K)
 Metaspace       used 35506K, committed 35968K, reserved 1114112K
  class space    used 5001K, committed 5248K, reserved 1048576K
}
Event: 10.549 GC heap before
{Heap before GC invocations=12 (full 0):
 garbage-first heap   total 78848K, used 60318K [0x0000000081c00000, 0x0000000100000000)
  region size 1024K, 34 young (34816K), 4 survivors (4096K)
 Metaspace       used 45108K, committed 45568K, reserved 1114112K
  class space    used 6283K, committed 6464K, reserved 1048576K
}
Event: 10.557 GC heap after
{Heap after GC invocations=13 (full 0):
 garbage-first heap   total 78848K, used 32546K [0x0000000081c00000, 0x0000000100000000)
  region size 1024K, 4 young (4096K), 4 survivors (4096K)
 Metaspace       used 45108K, committed 45568K, reserved 1114112K
  class space    used 6283K, committed 6464K, reserved 1048576K
}
Event: 12.210 GC heap before
{Heap before GC invocations=14 (full 0):
 garbage-first heap   total 78848K, used 59170K [0x0000000081c00000, 0x0000000100000000)
  region size 1024K, 31 young (31744K), 4 survivors (4096K)
 Metaspace       used 49237K, committed 49664K, reserved 1114112K
  class space    used 6889K, committed 7104K, reserved 1048576K
}
Event: 12.216 GC heap after
{Heap after GC invocations=15 (full 0):
 garbage-first heap   total 78848K, used 34269K [0x0000000081c00000, 0x0000000100000000)
  region size 1024K, 2 young (2048K), 2 survivors (2048K)
 Metaspace       used 49237K, committed 49664K, reserved 1114112K
  class space    used 6889K, committed 7104K, reserved 1048576K
}
Event: 14.242 GC heap before
{Heap before GC invocations=15 (full 0):
 garbage-first heap   total 78848K, used 60893K [0x0000000081c00000, 0x0000000100000000)
  region size 1024K, 29 young (29696K), 2 survivors (2048K)
 Metaspace       used 54721K, committed 55232K, reserved 1114112K
  class space    used 7840K, committed 8064K, reserved 1048576K
}
Event: 14.247 GC heap after
{Heap after GC invocations=16 (full 0):
 garbage-first heap   total 78848K, used 35057K [0x0000000081c00000, 0x0000000100000000)
  region size 1024K, 3 young (3072K), 3 survivors (3072K)
 Metaspace       used 54721K, committed 55232K, reserved 1114112K
  class space    used 7840K, committed 8064K, reserved 1048576K
}
Event: 15.969 GC heap before
{Heap before GC invocations=16 (full 0):
 garbage-first heap   total 78848K, used 61681K [0x0000000081c00000, 0x0000000100000000)
  region size 1024K, 30 young (30720K), 3 survivors (3072K)
 Metaspace       used 56025K, committed 56576K, reserved 1114112K
  class space    used 8021K, committed 8256K, reserved 1048576K
}
Event: 15.974 GC heap after
{Heap after GC invocations=17 (full 0):
 garbage-first heap   total 78848K, used 35865K [0x0000000081c00000, 0x0000000100000000)
  region size 1024K, 2 young (2048K), 2 survivors (2048K)
 Metaspace       used 56025K, committed 56576K, reserved 1114112K
  class space    used 8021K, committed 8256K, reserved 1048576K
}
Event: 19.696 GC heap before
{Heap before GC invocations=17 (full 0):
 garbage-first heap   total 78848K, used 63513K [0x0000000081c00000, 0x0000000100000000)
  region size 1024K, 29 young (29696K), 2 survivors (2048K)
 Metaspace       used 60328K, committed 60864K, reserved 1114112K
  class space    used 8638K, committed 8896K, reserved 1048576K
}
Event: 19.702 GC heap after
{Heap after GC invocations=18 (full 0):
 garbage-first heap   total 78848K, used 37584K [0x0000000081c00000, 0x0000000100000000)
  region size 1024K, 4 young (4096K), 4 survivors (4096K)
 Metaspace       used 60328K, committed 60864K, reserved 1114112K
  class space    used 8638K, committed 8896K, reserved 1048576K
}
Event: 21.291 GC heap before
{Heap before GC invocations=18 (full 0):
 garbage-first heap   total 78848K, used 63184K [0x0000000081c00000, 0x0000000100000000)
  region size 1024K, 29 young (29696K), 4 survivors (4096K)
 Metaspace       used 61935K, committed 62528K, reserved 1114112K
  class space    used 8861K, committed 9152K, reserved 1048576K
}
Event: 21.298 GC heap after
{Heap after GC invocations=19 (full 0):
 garbage-first heap   total 78848K, used 38468K [0x0000000081c00000, 0x0000000100000000)
  region size 1024K, 3 young (3072K), 3 survivors (3072K)
 Metaspace       used 61935K, committed 62528K, reserved 1114112K
  class space    used 8861K, committed 9152K, reserved 1048576K
}
Event: 26.299 GC heap before
{Heap before GC invocations=19 (full 0):
 garbage-first heap   total 78848K, used 65092K [0x0000000081c00000, 0x0000000100000000)
  region size 1024K, 29 young (29696K), 3 survivors (3072K)
 Metaspace       used 63373K, committed 63936K, reserved 1114112K
  class space    used 9072K, committed 9344K, reserved 1048576K
}
Event: 26.305 GC heap after
{Heap after GC invocations=20 (full 0):
 garbage-first heap   total 78848K, used 39612K [0x0000000081c00000, 0x0000000100000000)
  region size 1024K, 2 young (2048K), 2 survivors (2048K)
 Metaspace       used 63373K, committed 63936K, reserved 1114112K
  class space    used 9072K, committed 9344K, reserved 1048576K
}
Event: 26.938 GC heap before
{Heap before GC invocations=21 (full 0):
 garbage-first heap   total 78848K, used 65212K [0x0000000081c00000, 0x0000000100000000)
  region size 1024K, 27 young (27648K), 2 survivors (2048K)
 Metaspace       used 63703K, committed 64256K, reserved 1114112K
  class space    used 9096K, committed 9344K, reserved 1048576K
}
Event: 26.943 GC heap after
{Heap after GC invocations=22 (full 0):
 garbage-first heap   total 78848K, used 40236K [0x0000000081c00000, 0x0000000100000000)
  region size 1024K, 3 young (3072K), 3 survivors (3072K)
 Metaspace       used 63703K, committed 64256K, reserved 1114112K
  class space    used 9096K, committed 9344K, reserved 1048576K
}
Event: 27.698 GC heap before
{Heap before GC invocations=22 (full 0):
 garbage-first heap   total 78848K, used 65836K [0x0000000081c00000, 0x0000000100000000)
  region size 1024K, 28 young (28672K), 3 survivors (3072K)
 Metaspace       used 64111K, committed 64704K, reserved 1114112K
  class space    used 9126K, committed 9408K, reserved 1048576K
}
Event: 27.702 GC heap after
{Heap after GC invocations=23 (full 0):
 garbage-first heap   total 78848K, used 41013K [0x0000000081c00000, 0x0000000100000000)
  region size 1024K, 3 young (3072K), 3 survivors (3072K)
 Metaspace       used 64111K, committed 64704K, reserved 1114112K
  class space    used 9126K, committed 9408K, reserved 1048576K
}

